This file contains any messages produced by compilers while
running configure, to aid debugging if configure makes a mistake.

It was created by tpm2-tss configure 4.1.2, which was
generated by GNU Autoconf 2.71.  Invocation command line was

  $ ./configure --prefix=/home/nik/workspace/x86_mock_out --enable-tcti-secmodule --disable-doxygen-doc

## --------- ##
## Platform. ##
## --------- ##

hostname = nik-virtual-machine
uname -m = x86_64
uname -r = 6.8.0-60-generic
uname -s = Linux
uname -v = #63~22.04.1-Ubuntu SMP PREEMPT_DYNAMIC Tue Apr 22 19:00:15 UTC 2

/usr/bin/uname -p = x86_64
/bin/uname -X     = unknown

/bin/arch              = x86_64
/usr/bin/arch -k       = unknown
/usr/convex/getsysinfo = unknown
/usr/bin/hostinfo      = unknown
/bin/machine           = unknown
/usr/bin/oslevel       = unknown
/bin/universe          = unknown

PATH: /usr/local/sbin/
PATH: /usr/local/bin/
PATH: /usr/sbin/
PATH: /usr/bin/
PATH: /sbin/
PATH: /bin/
PATH: /snap/bin/


## ----------- ##
## Core tests. ##
## ----------- ##

configure:3225: looking for aux files: ltmain.sh compile config.guess config.sub missing install-sh
configure:3238:  trying ./
configure:3267:   ./ltmain.sh found
configure:3267:   ./compile found
configure:3267:   ./config.guess found
configure:3267:   ./config.sub found
configure:3267:   ./missing found
configure:3249:   ./install-sh found
configure:3397: checking for a BSD-compatible install
configure:3470: result: /usr/bin/install -c
configure:3481: checking whether build environment is sane
configure:3536: result: yes
configure:3695: checking for a race-free mkdir -p
configure:3739: result: /usr/bin/mkdir -p
configure:3746: checking for gawk
configure:3781: result: no
configure:3746: checking for mawk
configure:3767: found /usr/bin/mawk
configure:3778: result: mawk
configure:3789: checking whether make sets $(MAKE)
configure:3812: result: yes
configure:3842: checking whether make supports nested variables
configure:3860: result: yes
configure:4008: checking whether make supports nested variables
configure:4026: result: yes
configure:4054: checking build system type
configure:4069: result: x86_64-pc-linux-gnu
configure:4089: checking host system type
configure:4103: result: x86_64-pc-linux-gnu
configure:4141: checking whether to enable debugging
configure:4206: result: no
configure:4304: checking for gcc
configure:4336: result: gcc
configure:4689: checking for C compiler version
configure:4698: gcc --version >&5
gcc (Ubuntu 11.4.0-1ubuntu1~22.04.3) 11.4.0
Copyright (C) 2021 Free Software Foundation, Inc.
This is free software; see the source for copying conditions.  There is NO
warranty; not even for MERCHANTABILITY or FITNESS FOR A PARTICULAR PURPOSE.

configure:4709: $? = 0
configure:4698: gcc -v >&5
Using built-in specs.
COLLECT_GCC=gcc
COLLECT_LTO_WRAPPER=/usr/lib/gcc/x86_64-linux-gnu/11/lto-wrapper
OFFLOAD_TARGET_NAMES=nvptx-none:amdgcn-amdhsa
OFFLOAD_TARGET_DEFAULT=1
Target: x86_64-linux-gnu
Configured with: ../src/configure -v --with-pkgversion='Ubuntu 11.4.0-1ubuntu1~22.04.3' --with-bugurl=file:///usr/share/doc/gcc-11/README.Bugs --enable-languages=c,ada,c++,go,brig,d,fortran,objc,obj-c++,m2 --prefix=/usr --with-gcc-major-version-only --program-suffix=-11 --program-prefix=x86_64-linux-gnu- --enable-shared --enable-linker-build-id --libexecdir=/usr/lib --without-included-gettext --enable-threads=posix --libdir=/usr/lib --enable-nls --enable-bootstrap --enable-clocale=gnu --enable-libstdcxx-debug --enable-libstdcxx-time=yes --with-default-libstdcxx-abi=new --enable-gnu-unique-object --disable-vtable-verify --enable-plugin --enable-default-pie --with-system-zlib --enable-libphobos-checking=release --with-target-system-zlib=auto --enable-objc-gc=auto --enable-multiarch --disable-werror --enable-cet --with-arch-32=i686 --with-abi=m64 --with-multilib-list=m32,m64,mx32 --enable-multilib --with-tune=generic --enable-offload-targets=nvptx-none=/build/gcc-11-0odw26/gcc-11-11.4.0/debian/tmp-nvptx/usr,amdgcn-amdhsa=/build/gcc-11-0odw26/gcc-11-11.4.0/debian/tmp-gcn/usr --without-cuda-driver --enable-checking=release --build=x86_64-linux-gnu --host=x86_64-linux-gnu --target=x86_64-linux-gnu --with-build-config=bootstrap-lto-lean --enable-link-serialization=2
Thread model: posix
Supported LTO compression algorithms: zlib zstd
gcc version 11.4.0 (Ubuntu 11.4.0-1ubuntu1~22.04.3) 
... rest of stderr output deleted ...
configure:4709: $? = 0
configure:4698: gcc -V >&5
gcc: error: unrecognized command-line option '-V'
gcc: fatal error: no input files
compilation terminated.
configure:4709: $? = 1
configure:4698: gcc -qversion >&5
gcc: error: unrecognized command-line option '-qversion'; did you mean '--version'?
gcc: fatal error: no input files
compilation terminated.
configure:4709: $? = 1
configure:4698: gcc -version >&5
gcc: error: unrecognized command-line option '-version'
gcc: fatal error: no input files
compilation terminated.
configure:4709: $? = 1
configure:4729: checking whether the C compiler works
configure:4751: gcc -g -O0 -DSIMULATE_X86   conftest.c  >&5
configure:4755: $? = 0
configure:4805: result: yes
configure:4808: checking for C compiler default output file name
configure:4810: result: a.out
configure:4816: checking for suffix of executables
configure:4823: gcc -o conftest -g -O0 -DSIMULATE_X86   conftest.c  >&5
configure:4827: $? = 0
configure:4850: result: 
configure:4872: checking whether we are cross compiling
configure:4880: gcc -o conftest -g -O0 -DSIMULATE_X86   conftest.c  >&5
configure:4884: $? = 0
configure:4891: ./conftest
configure:4895: $? = 0
configure:4910: result: no
configure:4915: checking for suffix of object files
configure:4938: gcc -c -g -O0 -DSIMULATE_X86  conftest.c >&5
configure:4942: $? = 0
configure:4964: result: o
configure:4968: checking whether the compiler supports GNU C
configure:4988: gcc -c -g -O0 -DSIMULATE_X86  conftest.c >&5
configure:4988: $? = 0
configure:4998: result: yes
configure:5009: checking whether gcc accepts -g
configure:5030: gcc -c -g  conftest.c >&5
configure:5030: $? = 0
configure:5074: result: yes
configure:5094: checking for gcc option to enable C11 features
configure:5109: gcc  -c -g -O0 -DSIMULATE_X86  conftest.c >&5
configure:5109: $? = 0
configure:5127: result: none needed
configure:5243: checking whether gcc understands -c and -o together
configure:5266: gcc -c conftest.c -o conftest2.o
configure:5269: $? = 0
configure:5266: gcc -c conftest.c -o conftest2.o
configure:5269: $? = 0
configure:5281: result: yes
configure:5301: checking whether make supports the include directive
configure:5316: make -f confmf.GNU && cat confinc.out
this is the am__doit target
configure:5319: $? = 0
configure:5338: result: yes (GNU style)
configure:5364: checking dependency style of gcc
configure:5476: result: gcc3
configure:5619: checking for C++ compiler version
configure:5628: g++ --version >&5
g++ (Ubuntu 11.4.0-1ubuntu1~22.04.3) 11.4.0
Copyright (C) 2021 Free Software Foundation, Inc.
This is free software; see the source for copying conditions.  There is NO
warranty; not even for MERCHANTABILITY or FITNESS FOR A PARTICULAR PURPOSE.

configure:5639: $? = 0
configure:5628: g++ -v >&5
Using built-in specs.
COLLECT_GCC=g++
COLLECT_LTO_WRAPPER=/usr/lib/gcc/x86_64-linux-gnu/11/lto-wrapper
OFFLOAD_TARGET_NAMES=nvptx-none:amdgcn-amdhsa
OFFLOAD_TARGET_DEFAULT=1
Target: x86_64-linux-gnu
Configured with: ../src/configure -v --with-pkgversion='Ubuntu 11.4.0-1ubuntu1~22.04.3' --with-bugurl=file:///usr/share/doc/gcc-11/README.Bugs --enable-languages=c,ada,c++,go,brig,d,fortran,objc,obj-c++,m2 --prefix=/usr --with-gcc-major-version-only --program-suffix=-11 --program-prefix=x86_64-linux-gnu- --enable-shared --enable-linker-build-id --libexecdir=/usr/lib --without-included-gettext --enable-threads=posix --libdir=/usr/lib --enable-nls --enable-bootstrap --enable-clocale=gnu --enable-libstdcxx-debug --enable-libstdcxx-time=yes --with-default-libstdcxx-abi=new --enable-gnu-unique-object --disable-vtable-verify --enable-plugin --enable-default-pie --with-system-zlib --enable-libphobos-checking=release --with-target-system-zlib=auto --enable-objc-gc=auto --enable-multiarch --disable-werror --enable-cet --with-arch-32=i686 --with-abi=m64 --with-multilib-list=m32,m64,mx32 --enable-multilib --with-tune=generic --enable-offload-targets=nvptx-none=/build/gcc-11-0odw26/gcc-11-11.4.0/debian/tmp-nvptx/usr,amdgcn-amdhsa=/build/gcc-11-0odw26/gcc-11-11.4.0/debian/tmp-gcn/usr --without-cuda-driver --enable-checking=release --build=x86_64-linux-gnu --host=x86_64-linux-gnu --target=x86_64-linux-gnu --with-build-config=bootstrap-lto-lean --enable-link-serialization=2
Thread model: posix
Supported LTO compression algorithms: zlib zstd
gcc version 11.4.0 (Ubuntu 11.4.0-1ubuntu1~22.04.3) 
... rest of stderr output deleted ...
configure:5639: $? = 0
configure:5628: g++ -V >&5
g++: error: unrecognized command-line option '-V'
g++: fatal error: no input files
compilation terminated.
configure:5639: $? = 1
configure:5628: g++ -qversion >&5
g++: error: unrecognized command-line option '-qversion'; did you mean '--version'?
g++: fatal error: no input files
compilation terminated.
configure:5639: $? = 1
configure:5643: checking whether the compiler supports GNU C++
configure:5663: g++ -c -g -O0 -DSIMULATE_X86  conftest.cpp >&5
configure:5663: $? = 0
configure:5673: result: yes
configure:5684: checking whether g++ accepts -g
configure:5705: g++ -c -g  conftest.cpp >&5
configure:5705: $? = 0
configure:5749: result: yes
configure:5769: checking for g++ option to enable C++11 features
configure:5784: g++  -c -g -O0 -DSIMULATE_X86  conftest.cpp >&5
conftest.cpp: In function 'int main(int, char**)':
conftest.cpp:178:25: warning: empty parentheses were disambiguated as a function declaration [-Wvexing-parse]
  178 |   cxx11test::delegate d2();
      |                         ^~
conftest.cpp:178:25: note: remove parentheses to default-initialize a variable
  178 |   cxx11test::delegate d2();
      |                         ^~
      |                         --
conftest.cpp:178:25: note: or replace parentheses with braces to value-initialize a variable
configure:5784: $? = 0
configure:5802: result: none needed
configure:5868: checking dependency style of g++
configure:5980: result: gcc3
configure:5995: checking whether ln -s works
configure:5999: result: yes
configure:6011: checking for stdio.h
configure:6011: gcc -c -g -O0 -DSIMULATE_X86  conftest.c >&5
configure:6011: $? = 0
configure:6011: result: yes
configure:6011: checking for stdlib.h
configure:6011: gcc -c -g -O0 -DSIMULATE_X86  conftest.c >&5
configure:6011: $? = 0
configure:6011: result: yes
configure:6011: checking for string.h
configure:6011: gcc -c -g -O0 -DSIMULATE_X86  conftest.c >&5
configure:6011: $? = 0
configure:6011: result: yes
configure:6011: checking for inttypes.h
configure:6011: gcc -c -g -O0 -DSIMULATE_X86  conftest.c >&5
configure:6011: $? = 0
configure:6011: result: yes
configure:6011: checking for stdint.h
configure:6011: gcc -c -g -O0 -DSIMULATE_X86  conftest.c >&5
configure:6011: $? = 0
configure:6011: result: yes
configure:6011: checking for strings.h
configure:6011: gcc -c -g -O0 -DSIMULATE_X86  conftest.c >&5
configure:6011: $? = 0
configure:6011: result: yes
configure:6011: checking for sys/stat.h
configure:6011: gcc -c -g -O0 -DSIMULATE_X86  conftest.c >&5
configure:6011: $? = 0
configure:6011: result: yes
configure:6011: checking for sys/types.h
configure:6011: gcc -c -g -O0 -DSIMULATE_X86  conftest.c >&5
configure:6011: $? = 0
configure:6011: result: yes
configure:6011: checking for unistd.h
configure:6011: gcc -c -g -O0 -DSIMULATE_X86  conftest.c >&5
configure:6011: $? = 0
configure:6011: result: yes
configure:6011: checking for wchar.h
configure:6011: gcc -c -g -O0 -DSIMULATE_X86  conftest.c >&5
configure:6011: $? = 0
configure:6011: result: yes
configure:6011: checking for minix/config.h
configure:6011: gcc -c -g -O0 -DSIMULATE_X86  conftest.c >&5
conftest.c:50:10: fatal error: minix/config.h: No such file or directory
   50 | #include <minix/config.h>
      |          ^~~~~~~~~~~~~~~~
compilation terminated.
configure:6011: $? = 1
configure: failed program was:
| /* confdefs.h */
| #define PACKAGE_NAME "tpm2-tss"
| #define PACKAGE_TARNAME "tpm2-tss"
| #define PACKAGE_VERSION "4.1.2"
| #define PACKAGE_STRING "tpm2-tss 4.1.2"
| #define PACKAGE_BUGREPORT "https://github.com/tpm2-software/tpm2-tss/issues"
| #define PACKAGE_URL "https://github.com/tpm2-software/tpm2-tss"
| #define PACKAGE "tpm2-tss"
| #define VERSION "4.1.2"
| #define NDEBUG 1
| #define HAVE_STDIO_H 1
| #define HAVE_STDLIB_H 1
| #define HAVE_STRING_H 1
| #define HAVE_INTTYPES_H 1
| #define HAVE_STDINT_H 1
| #define HAVE_STRINGS_H 1
| #define HAVE_SYS_STAT_H 1
| #define HAVE_SYS_TYPES_H 1
| #define HAVE_UNISTD_H 1
| #define HAVE_WCHAR_H 1
| /* end confdefs.h.  */
| #include <stddef.h>
| #ifdef HAVE_STDIO_H
| # include <stdio.h>
| #endif
| #ifdef HAVE_STDLIB_H
| # include <stdlib.h>
| #endif
| #ifdef HAVE_STRING_H
| # include <string.h>
| #endif
| #ifdef HAVE_INTTYPES_H
| # include <inttypes.h>
| #endif
| #ifdef HAVE_STDINT_H
| # include <stdint.h>
| #endif
| #ifdef HAVE_STRINGS_H
| # include <strings.h>
| #endif
| #ifdef HAVE_SYS_TYPES_H
| # include <sys/types.h>
| #endif
| #ifdef HAVE_SYS_STAT_H
| # include <sys/stat.h>
| #endif
| #ifdef HAVE_UNISTD_H
| # include <unistd.h>
| #endif
| #include <minix/config.h>
configure:6011: result: no
configure:6042: checking whether it is safe to define __EXTENSIONS__
configure:6061: gcc -c -g -O0 -DSIMULATE_X86  conftest.c >&5
configure:6061: $? = 0
configure:6069: result: yes
configure:6072: checking whether _XOPEN_SOURCE should be defined
configure:6094: gcc -c -g -O0 -DSIMULATE_X86  conftest.c >&5
configure:6094: $? = 0
configure:6121: result: no
configure:6177: checking whether byte ordering is bigendian
configure:6193: gcc -c -g -O0 -DSIMULATE_X86  conftest.c >&5
conftest.c:40:16: error: unknown type name 'not'
   40 |                not a universal capable compiler
      |                ^~~
conftest.c:40:22: error: expected '=', ',', ';', 'asm' or '__attribute__' before 'universal'
   40 |                not a universal capable compiler
      |                      ^~~~~~~~~
conftest.c:40:22: error: unknown type name 'universal'
configure:6193: $? = 1
configure: failed program was:
| /* confdefs.h */
| #define PACKAGE_NAME "tpm2-tss"
| #define PACKAGE_TARNAME "tpm2-tss"
| #define PACKAGE_VERSION "4.1.2"
| #define PACKAGE_STRING "tpm2-tss 4.1.2"
| #define PACKAGE_BUGREPORT "https://github.com/tpm2-software/tpm2-tss/issues"
| #define PACKAGE_URL "https://github.com/tpm2-software/tpm2-tss"
| #define PACKAGE "tpm2-tss"
| #define VERSION "4.1.2"
| #define NDEBUG 1
| #define HAVE_STDIO_H 1
| #define HAVE_STDLIB_H 1
| #define HAVE_STRING_H 1
| #define HAVE_INTTYPES_H 1
| #define HAVE_STDINT_H 1
| #define HAVE_STRINGS_H 1
| #define HAVE_SYS_STAT_H 1
| #define HAVE_SYS_TYPES_H 1
| #define HAVE_UNISTD_H 1
| #define HAVE_WCHAR_H 1
| #define STDC_HEADERS 1
| #define _ALL_SOURCE 1
| #define _DARWIN_C_SOURCE 1
| #define _GNU_SOURCE 1
| #define _HPUX_ALT_XOPEN_SOCKET_API 1
| #define _NETBSD_SOURCE 1
| #define _OPENBSD_SOURCE 1
| #define _POSIX_PTHREAD_SEMANTICS 1
| #define __STDC_WANT_IEC_60559_ATTRIBS_EXT__ 1
| #define __STDC_WANT_IEC_60559_BFP_EXT__ 1
| #define __STDC_WANT_IEC_60559_DFP_EXT__ 1
| #define __STDC_WANT_IEC_60559_FUNCS_EXT__ 1
| #define __STDC_WANT_IEC_60559_TYPES_EXT__ 1
| #define __STDC_WANT_LIB_EXT2__ 1
| #define __STDC_WANT_MATH_SPEC_FUNCS__ 1
| #define _TANDEM_SOURCE 1
| #define __EXTENSIONS__ 1
| /* end confdefs.h.  */
| #ifndef __APPLE_CC__
| 	       not a universal capable compiler
| 	     #endif
| 	     typedef int dummy;
| 
configure:6239: gcc -c -g -O0 -DSIMULATE_X86  conftest.c >&5
configure:6239: $? = 0
configure:6258: gcc -c -g -O0 -DSIMULATE_X86  conftest.c >&5
conftest.c: In function 'main':
conftest.c:46:18: error: unknown type name 'not'; did you mean 'ino_t'?
   46 |                  not big endian
      |                  ^~~
      |                  ino_t
conftest.c:46:26: error: expected '=', ',', ';', 'asm' or '__attribute__' before 'endian'
   46 |                  not big endian
      |                          ^~~~~~
configure:6258: $? = 1
configure: failed program was:
| /* confdefs.h */
| #define PACKAGE_NAME "tpm2-tss"
| #define PACKAGE_TARNAME "tpm2-tss"
| #define PACKAGE_VERSION "4.1.2"
| #define PACKAGE_STRING "tpm2-tss 4.1.2"
| #define PACKAGE_BUGREPORT "https://github.com/tpm2-software/tpm2-tss/issues"
| #define PACKAGE_URL "https://github.com/tpm2-software/tpm2-tss"
| #define PACKAGE "tpm2-tss"
| #define VERSION "4.1.2"
| #define NDEBUG 1
| #define HAVE_STDIO_H 1
| #define HAVE_STDLIB_H 1
| #define HAVE_STRING_H 1
| #define HAVE_INTTYPES_H 1
| #define HAVE_STDINT_H 1
| #define HAVE_STRINGS_H 1
| #define HAVE_SYS_STAT_H 1
| #define HAVE_SYS_TYPES_H 1
| #define HAVE_UNISTD_H 1
| #define HAVE_WCHAR_H 1
| #define STDC_HEADERS 1
| #define _ALL_SOURCE 1
| #define _DARWIN_C_SOURCE 1
| #define _GNU_SOURCE 1
| #define _HPUX_ALT_XOPEN_SOCKET_API 1
| #define _NETBSD_SOURCE 1
| #define _OPENBSD_SOURCE 1
| #define _POSIX_PTHREAD_SEMANTICS 1
| #define __STDC_WANT_IEC_60559_ATTRIBS_EXT__ 1
| #define __STDC_WANT_IEC_60559_BFP_EXT__ 1
| #define __STDC_WANT_IEC_60559_DFP_EXT__ 1
| #define __STDC_WANT_IEC_60559_FUNCS_EXT__ 1
| #define __STDC_WANT_IEC_60559_TYPES_EXT__ 1
| #define __STDC_WANT_LIB_EXT2__ 1
| #define __STDC_WANT_MATH_SPEC_FUNCS__ 1
| #define _TANDEM_SOURCE 1
| #define __EXTENSIONS__ 1
| /* end confdefs.h.  */
| #include <sys/types.h>
| 		#include <sys/param.h>
| 
| int
| main (void)
| {
| #if BYTE_ORDER != BIG_ENDIAN
| 		 not big endian
| 		#endif
| 
|   ;
|   return 0;
| }
configure:6392: result: no
configure:6457: checking how to print strings
configure:6484: result: printf
configure:6505: checking for a sed that does not truncate output
configure:6575: result: /usr/bin/sed
configure:6593: checking for grep that handles long lines and -e
configure:6657: result: /usr/bin/grep
configure:6662: checking for egrep
configure:6730: result: /usr/bin/grep -E
configure:6735: checking for fgrep
configure:6803: result: /usr/bin/grep -F
configure:6839: checking for ld used by gcc
configure:6907: result: /usr/bin/ld
configure:6914: checking if the linker (/usr/bin/ld) is GNU ld
configure:6930: result: yes
configure:6942: checking for BSD- or MS-compatible name lister (nm)
configure:6997: result: /usr/bin/nm -B
configure:7137: checking the name lister (/usr/bin/nm -B) interface
configure:7145: gcc -c -g -O0 -DSIMULATE_X86  conftest.c >&5
configure:7148: /usr/bin/nm -B "conftest.o"
configure:7151: output
0000000000000000 B some_variable
configure:7158: result: BSD nm
configure:7162: checking the maximum length of command line arguments
configure:7294: result: 1572864
configure:7342: checking how to convert x86_64-pc-linux-gnu file names to x86_64-pc-linux-gnu format
configure:7383: result: func_convert_file_noop
configure:7390: checking how to convert x86_64-pc-linux-gnu file names to toolchain format
configure:7411: result: func_convert_file_noop
configure:7418: checking for /usr/bin/ld option to reload object files
configure:7426: result: -r
configure:7505: checking for objdump
configure:7526: found /usr/bin/objdump
configure:7537: result: objdump
configure:7569: checking how to recognize dependent libraries
configure:7770: result: pass_all
configure:7860: checking for dlltool
configure:7895: result: no
configure:7925: checking how to associate runtime and link libraries
configure:7953: result: printf %s\n
configure:8018: checking for ar
configure:8039: found /usr/bin/ar
configure:8050: result: ar
configure:8087: checking for archiver @FILE support
configure:8105: gcc -c -g -O0 -DSIMULATE_X86  conftest.c >&5
configure:8105: $? = 0
configure:8109: ar cr libconftest.a @conftest.lst >&5
configure:8112: $? = 0
configure:8117: ar cr libconftest.a @conftest.lst >&5
ar: conftest.o: No such file or directory
configure:8120: $? = 1
configure:8132: result: @
configure:8195: checking for strip
configure:8216: found /usr/bin/strip
configure:8227: result: strip
configure:8304: checking for ranlib
configure:8325: found /usr/bin/ranlib
configure:8336: result: ranlib
configure:8438: checking command to parse /usr/bin/nm -B output from gcc object
configure:8592: gcc -c -g -O0 -DSIMULATE_X86  conftest.c >&5
configure:8595: $? = 0
configure:8599: /usr/bin/nm -B conftest.o | sed -n -e 's/^.*[	 ]\([ABCDGIRSTW][ABCDGIRSTW]*\)[	 ][	 ]*\([_A-Za-z][_A-Za-z0-9]*\)$/\1 \2 \2/p' | sed '/ __gnu_lto/d' > conftest.nm
configure:8665: gcc -o conftest -g -O0 -DSIMULATE_X86   conftest.c conftstm.o >&5
configure:8668: $? = 0
configure:8706: result: ok
configure:8753: checking for sysroot
configure:8784: result: no
configure:8791: checking for a working dd
configure:8835: result: /usr/bin/dd
configure:8839: checking how to truncate binary pipes
configure:8855: result: /usr/bin/dd bs=4096 count=1
configure:8992: gcc -c -g -O0 -DSIMULATE_X86  conftest.c >&5
configure:8995: $? = 0
configure:9192: checking for mt
configure:9213: found /usr/bin/mt
configure:9224: result: mt
configure:9247: checking if mt is a manifest tool
configure:9254: mt '-?'
configure:9262: result: no
configure:9988: checking for dlfcn.h
configure:9988: gcc -c -g -O0 -DSIMULATE_X86  conftest.c >&5
configure:9988: $? = 0
configure:9988: result: yes
configure:10258: checking for objdir
configure:10274: result: .libs
configure:10538: checking if gcc supports -fno-rtti -fno-exceptions
configure:10557: gcc -c -g -O0 -DSIMULATE_X86  -fno-rtti -fno-exceptions conftest.c >&5
cc1: warning: command-line option '-fno-rtti' is valid for C++/D/ObjC++ but not for C
configure:10561: $? = 0
configure:10574: result: no
configure:10938: checking for gcc option to produce PIC
configure:10946: result: -fPIC -DPIC
configure:10954: checking if gcc PIC flag -fPIC -DPIC works
configure:10973: gcc -c -g -O0 -DSIMULATE_X86  -fPIC -DPIC -DPIC conftest.c >&5
configure:10977: $? = 0
configure:10990: result: yes
configure:11019: checking if gcc static flag -static works
configure:11048: result: yes
configure:11063: checking if gcc supports -c -o file.o
configure:11085: gcc -c -g -O0 -DSIMULATE_X86  -o out/conftest2.o conftest.c >&5
configure:11089: $? = 0
configure:11111: result: yes
configure:11119: checking if gcc supports -c -o file.o
configure:11167: result: yes
configure:11200: checking whether the gcc linker (/usr/bin/ld -m elf_x86_64) supports shared libraries
configure:12470: result: yes
configure:12507: checking whether -lc should be explicitly linked in
configure:12516: gcc -c -g -O0 -DSIMULATE_X86  conftest.c >&5
configure:12519: $? = 0
configure:12534: gcc -shared  -fPIC -DPIC conftest.o  -v -Wl,-soname -Wl,conftest -o conftest 2\>\&1 \| /usr/bin/grep  -lc  \>/dev/null 2\>\&1
configure:12537: $? = 0
configure:12551: result: no
configure:12711: checking dynamic linker characteristics
configure:13293: gcc -o conftest -g -O0 -DSIMULATE_X86   -Wl,-rpath -Wl,/foo conftest.c  >&5
configure:13293: $? = 0
configure:13544: result: GNU/Linux ld.so
configure:13666: checking how to hardcode library paths into programs
configure:13691: result: immediate
configure:14243: checking whether stripping libraries is possible
configure:14248: result: yes
configure:14283: checking if libtool supports shared libraries
configure:14285: result: yes
configure:14288: checking whether to build shared libraries
configure:14313: result: yes
configure:14316: checking whether to build static libraries
configure:14320: result: yes
configure:14343: checking how to run the C++ preprocessor
configure:14365: g++ -E  conftest.cpp
configure:14365: $? = 0
configure:14380: g++ -E  conftest.cpp
conftest.cpp:41:10: fatal error: ac_nonexistent.h: No such file or directory
   41 | #include <ac_nonexistent.h>
      |          ^~~~~~~~~~~~~~~~~~
compilation terminated.
configure:14380: $? = 1
configure: failed program was:
| /* confdefs.h */
| #define PACKAGE_NAME "tpm2-tss"
| #define PACKAGE_TARNAME "tpm2-tss"
| #define PACKAGE_VERSION "4.1.2"
| #define PACKAGE_STRING "tpm2-tss 4.1.2"
| #define PACKAGE_BUGREPORT "https://github.com/tpm2-software/tpm2-tss/issues"
| #define PACKAGE_URL "https://github.com/tpm2-software/tpm2-tss"
| #define PACKAGE "tpm2-tss"
| #define VERSION "4.1.2"
| #define NDEBUG 1
| #define HAVE_STDIO_H 1
| #define HAVE_STDLIB_H 1
| #define HAVE_STRING_H 1
| #define HAVE_INTTYPES_H 1
| #define HAVE_STDINT_H 1
| #define HAVE_STRINGS_H 1
| #define HAVE_SYS_STAT_H 1
| #define HAVE_SYS_TYPES_H 1
| #define HAVE_UNISTD_H 1
| #define HAVE_WCHAR_H 1
| #define STDC_HEADERS 1
| #define _ALL_SOURCE 1
| #define _DARWIN_C_SOURCE 1
| #define _GNU_SOURCE 1
| #define _HPUX_ALT_XOPEN_SOCKET_API 1
| #define _NETBSD_SOURCE 1
| #define _OPENBSD_SOURCE 1
| #define _POSIX_PTHREAD_SEMANTICS 1
| #define __STDC_WANT_IEC_60559_ATTRIBS_EXT__ 1
| #define __STDC_WANT_IEC_60559_BFP_EXT__ 1
| #define __STDC_WANT_IEC_60559_DFP_EXT__ 1
| #define __STDC_WANT_IEC_60559_FUNCS_EXT__ 1
| #define __STDC_WANT_IEC_60559_TYPES_EXT__ 1
| #define __STDC_WANT_LIB_EXT2__ 1
| #define __STDC_WANT_MATH_SPEC_FUNCS__ 1
| #define _TANDEM_SOURCE 1
| #define __EXTENSIONS__ 1
| #define HAVE_DLFCN_H 1
| #define LT_OBJDIR ".libs/"
| /* end confdefs.h.  */
| #include <ac_nonexistent.h>
configure:14407: result: g++ -E
configure:14421: g++ -E  conftest.cpp
configure:14421: $? = 0
configure:14436: g++ -E  conftest.cpp
conftest.cpp:41:10: fatal error: ac_nonexistent.h: No such file or directory
   41 | #include <ac_nonexistent.h>
      |          ^~~~~~~~~~~~~~~~~~
compilation terminated.
configure:14436: $? = 1
configure: failed program was:
| /* confdefs.h */
| #define PACKAGE_NAME "tpm2-tss"
| #define PACKAGE_TARNAME "tpm2-tss"
| #define PACKAGE_VERSION "4.1.2"
| #define PACKAGE_STRING "tpm2-tss 4.1.2"
| #define PACKAGE_BUGREPORT "https://github.com/tpm2-software/tpm2-tss/issues"
| #define PACKAGE_URL "https://github.com/tpm2-software/tpm2-tss"
| #define PACKAGE "tpm2-tss"
| #define VERSION "4.1.2"
| #define NDEBUG 1
| #define HAVE_STDIO_H 1
| #define HAVE_STDLIB_H 1
| #define HAVE_STRING_H 1
| #define HAVE_INTTYPES_H 1
| #define HAVE_STDINT_H 1
| #define HAVE_STRINGS_H 1
| #define HAVE_SYS_STAT_H 1
| #define HAVE_SYS_TYPES_H 1
| #define HAVE_UNISTD_H 1
| #define HAVE_WCHAR_H 1
| #define STDC_HEADERS 1
| #define _ALL_SOURCE 1
| #define _DARWIN_C_SOURCE 1
| #define _GNU_SOURCE 1
| #define _HPUX_ALT_XOPEN_SOCKET_API 1
| #define _NETBSD_SOURCE 1
| #define _OPENBSD_SOURCE 1
| #define _POSIX_PTHREAD_SEMANTICS 1
| #define __STDC_WANT_IEC_60559_ATTRIBS_EXT__ 1
| #define __STDC_WANT_IEC_60559_BFP_EXT__ 1
| #define __STDC_WANT_IEC_60559_DFP_EXT__ 1
| #define __STDC_WANT_IEC_60559_FUNCS_EXT__ 1
| #define __STDC_WANT_IEC_60559_TYPES_EXT__ 1
| #define __STDC_WANT_LIB_EXT2__ 1
| #define __STDC_WANT_MATH_SPEC_FUNCS__ 1
| #define _TANDEM_SOURCE 1
| #define __EXTENSIONS__ 1
| #define HAVE_DLFCN_H 1
| #define LT_OBJDIR ".libs/"
| /* end confdefs.h.  */
| #include <ac_nonexistent.h>
configure:14601: checking for ld used by g++
configure:14669: result: /usr/bin/ld -m elf_x86_64
configure:14676: checking if the linker (/usr/bin/ld -m elf_x86_64) is GNU ld
configure:14692: result: yes
configure:14747: checking whether the g++ linker (/usr/bin/ld -m elf_x86_64) supports shared libraries
configure:15824: result: yes
configure:15860: g++ -c -g -O0 -DSIMULATE_X86  conftest.cpp >&5
configure:15863: $? = 0
configure:16344: checking for g++ option to produce PIC
configure:16352: result: -fPIC -DPIC
configure:16360: checking if g++ PIC flag -fPIC -DPIC works
configure:16379: g++ -c -g -O0 -DSIMULATE_X86  -fPIC -DPIC -DPIC conftest.cpp >&5
configure:16383: $? = 0
configure:16396: result: yes
configure:16419: checking if g++ static flag -static works
configure:16448: result: yes
configure:16460: checking if g++ supports -c -o file.o
configure:16482: g++ -c -g -O0 -DSIMULATE_X86  -o out/conftest2.o conftest.cpp >&5
configure:16486: $? = 0
configure:16508: result: yes
configure:16513: checking if g++ supports -c -o file.o
configure:16561: result: yes
configure:16591: checking whether the g++ linker (/usr/bin/ld -m elf_x86_64) supports shared libraries
configure:16634: result: yes
configure:16776: checking dynamic linker characteristics
configure:17536: result: GNU/Linux ld.so
configure:17601: checking how to hardcode library paths into programs
configure:17626: result: immediate
configure:17687: checking for gcc options needed to detect all undeclared functions
configure:17709: gcc -c -g -O0 -DSIMULATE_X86   conftest.c >&5
conftest.c: In function 'main':
conftest.c:45:8: error: 'strchr' undeclared (first use in this function)
   45 | (void) strchr;
      |        ^~~~~~
conftest.c:1:1: note: 'strchr' is defined in header '<string.h>'; did you forget to '#include <string.h>'?
    1 | /* confdefs.h */
conftest.c:45:8: note: each undeclared identifier is reported only once for each function it appears in
   45 | (void) strchr;
      |        ^~~~~~
configure:17709: $? = 1
configure: failed program was:
| /* confdefs.h */
| #define PACKAGE_NAME "tpm2-tss"
| #define PACKAGE_TARNAME "tpm2-tss"
| #define PACKAGE_VERSION "4.1.2"
| #define PACKAGE_STRING "tpm2-tss 4.1.2"
| #define PACKAGE_BUGREPORT "https://github.com/tpm2-software/tpm2-tss/issues"
| #define PACKAGE_URL "https://github.com/tpm2-software/tpm2-tss"
| #define PACKAGE "tpm2-tss"
| #define VERSION "4.1.2"
| #define NDEBUG 1
| #define HAVE_STDIO_H 1
| #define HAVE_STDLIB_H 1
| #define HAVE_STRING_H 1
| #define HAVE_INTTYPES_H 1
| #define HAVE_STDINT_H 1
| #define HAVE_STRINGS_H 1
| #define HAVE_SYS_STAT_H 1
| #define HAVE_SYS_TYPES_H 1
| #define HAVE_UNISTD_H 1
| #define HAVE_WCHAR_H 1
| #define STDC_HEADERS 1
| #define _ALL_SOURCE 1
| #define _DARWIN_C_SOURCE 1
| #define _GNU_SOURCE 1
| #define _HPUX_ALT_XOPEN_SOCKET_API 1
| #define _NETBSD_SOURCE 1
| #define _OPENBSD_SOURCE 1
| #define _POSIX_PTHREAD_SEMANTICS 1
| #define __STDC_WANT_IEC_60559_ATTRIBS_EXT__ 1
| #define __STDC_WANT_IEC_60559_BFP_EXT__ 1
| #define __STDC_WANT_IEC_60559_DFP_EXT__ 1
| #define __STDC_WANT_IEC_60559_FUNCS_EXT__ 1
| #define __STDC_WANT_IEC_60559_TYPES_EXT__ 1
| #define __STDC_WANT_LIB_EXT2__ 1
| #define __STDC_WANT_MATH_SPEC_FUNCS__ 1
| #define _TANDEM_SOURCE 1
| #define __EXTENSIONS__ 1
| #define HAVE_DLFCN_H 1
| #define LT_OBJDIR ".libs/"
| /* end confdefs.h.  */
| 
| int
| main (void)
| {
| (void) strchr;
|   ;
|   return 0;
| }
configure:17736: gcc -c -g -O0 -DSIMULATE_X86   conftest.c >&5
configure:17736: $? = 0
configure:17753: result: none needed
configure:17780: checking for library containing dlopen
configure:17810: gcc -o conftest -g -O0 -DSIMULATE_X86   conftest.c  >&5
configure:17810: $? = 0
configure:17830: result: none required
configure:17920: checking for dlerror
configure:17920: gcc -o conftest -g -O0 -DSIMULATE_X86   conftest.c   >&5
configure:17920: $? = 0
configure:17920: result: yes
configure:17932: checking for shl_load
configure:17932: gcc -o conftest -g -O0 -DSIMULATE_X86   conftest.c  >&5
/usr/bin/ld: /tmp/ccYzKtyv.o: in function `main':
/home/nik/workspace/tcm_tss/conftest.c:70: undefined reference to `shl_load'
collect2: error: ld returned 1 exit status
configure:17932: $? = 1
configure: failed program was:
| /* confdefs.h */
| #define PACKAGE_NAME "tpm2-tss"
| #define PACKAGE_TARNAME "tpm2-tss"
| #define PACKAGE_VERSION "4.1.2"
| #define PACKAGE_STRING "tpm2-tss 4.1.2"
| #define PACKAGE_BUGREPORT "https://github.com/tpm2-software/tpm2-tss/issues"
| #define PACKAGE_URL "https://github.com/tpm2-software/tpm2-tss"
| #define PACKAGE "tpm2-tss"
| #define VERSION "4.1.2"
| #define NDEBUG 1
| #define HAVE_STDIO_H 1
| #define HAVE_STDLIB_H 1
| #define HAVE_STRING_H 1
| #define HAVE_INTTYPES_H 1
| #define HAVE_STDINT_H 1
| #define HAVE_STRINGS_H 1
| #define HAVE_SYS_STAT_H 1
| #define HAVE_SYS_TYPES_H 1
| #define HAVE_UNISTD_H 1
| #define HAVE_WCHAR_H 1
| #define STDC_HEADERS 1
| #define _ALL_SOURCE 1
| #define _DARWIN_C_SOURCE 1
| #define _GNU_SOURCE 1
| #define _HPUX_ALT_XOPEN_SOCKET_API 1
| #define _NETBSD_SOURCE 1
| #define _OPENBSD_SOURCE 1
| #define _POSIX_PTHREAD_SEMANTICS 1
| #define __STDC_WANT_IEC_60559_ATTRIBS_EXT__ 1
| #define __STDC_WANT_IEC_60559_BFP_EXT__ 1
| #define __STDC_WANT_IEC_60559_DFP_EXT__ 1
| #define __STDC_WANT_IEC_60559_FUNCS_EXT__ 1
| #define __STDC_WANT_IEC_60559_TYPES_EXT__ 1
| #define __STDC_WANT_LIB_EXT2__ 1
| #define __STDC_WANT_MATH_SPEC_FUNCS__ 1
| #define _TANDEM_SOURCE 1
| #define __EXTENSIONS__ 1
| #define HAVE_DLFCN_H 1
| #define LT_OBJDIR ".libs/"
| #define HAVE_LIBDL 1
| #define HAVE_DLERROR 1
| /* end confdefs.h.  */
| /* Define shl_load to an innocuous variant, in case <limits.h> declares shl_load.
|    For example, HP-UX 11i <limits.h> declares gettimeofday.  */
| #define shl_load innocuous_shl_load
| 
| /* System header to define __stub macros and hopefully few prototypes,
|    which can conflict with char shl_load (); below.  */
| 
| #include <limits.h>
| #undef shl_load
| 
| /* Override any GCC internal prototype to avoid an error.
|    Use char because int might match the return type of a GCC
|    builtin and then its argument prototype would still apply.  */
| #ifdef __cplusplus
| extern "C"
| #endif
| char shl_load ();
| /* The GNU C library defines this for functions which it implements
|     to always fail with ENOSYS.  Some functions are actually named
|     something starting with __ and the normal name is an alias.  */
| #if defined __stub_shl_load || defined __stub___shl_load
| choke me
| #endif
| 
| int
| main (void)
| {
| return shl_load ();
|   ;
|   return 0;
| }
configure:17932: result: no
configure:17940: checking for shl_load in -ldld
configure:17963: gcc -o conftest -g -O0 -DSIMULATE_X86   conftest.c -ldld   >&5
/usr/bin/ld: cannot find -ldld: No such file or directory
collect2: error: ld returned 1 exit status
configure:17963: $? = 1
configure: failed program was:
| /* confdefs.h */
| #define PACKAGE_NAME "tpm2-tss"
| #define PACKAGE_TARNAME "tpm2-tss"
| #define PACKAGE_VERSION "4.1.2"
| #define PACKAGE_STRING "tpm2-tss 4.1.2"
| #define PACKAGE_BUGREPORT "https://github.com/tpm2-software/tpm2-tss/issues"
| #define PACKAGE_URL "https://github.com/tpm2-software/tpm2-tss"
| #define PACKAGE "tpm2-tss"
| #define VERSION "4.1.2"
| #define NDEBUG 1
| #define HAVE_STDIO_H 1
| #define HAVE_STDLIB_H 1
| #define HAVE_STRING_H 1
| #define HAVE_INTTYPES_H 1
| #define HAVE_STDINT_H 1
| #define HAVE_STRINGS_H 1
| #define HAVE_SYS_STAT_H 1
| #define HAVE_SYS_TYPES_H 1
| #define HAVE_UNISTD_H 1
| #define HAVE_WCHAR_H 1
| #define STDC_HEADERS 1
| #define _ALL_SOURCE 1
| #define _DARWIN_C_SOURCE 1
| #define _GNU_SOURCE 1
| #define _HPUX_ALT_XOPEN_SOCKET_API 1
| #define _NETBSD_SOURCE 1
| #define _OPENBSD_SOURCE 1
| #define _POSIX_PTHREAD_SEMANTICS 1
| #define __STDC_WANT_IEC_60559_ATTRIBS_EXT__ 1
| #define __STDC_WANT_IEC_60559_BFP_EXT__ 1
| #define __STDC_WANT_IEC_60559_DFP_EXT__ 1
| #define __STDC_WANT_IEC_60559_FUNCS_EXT__ 1
| #define __STDC_WANT_IEC_60559_TYPES_EXT__ 1
| #define __STDC_WANT_LIB_EXT2__ 1
| #define __STDC_WANT_MATH_SPEC_FUNCS__ 1
| #define _TANDEM_SOURCE 1
| #define __EXTENSIONS__ 1
| #define HAVE_DLFCN_H 1
| #define LT_OBJDIR ".libs/"
| #define HAVE_LIBDL 1
| #define HAVE_DLERROR 1
| /* end confdefs.h.  */
| 
| /* Override any GCC internal prototype to avoid an error.
|    Use char because int might match the return type of a GCC
|    builtin and then its argument prototype would still apply.  */
| char shl_load ();
| int
| main (void)
| {
| return shl_load ();
|   ;
|   return 0;
| }
configure:17973: result: no
configure:18019: checking for dld_link in -ldld
configure:18042: gcc -o conftest -g -O0 -DSIMULATE_X86   conftest.c -ldld   >&5
/usr/bin/ld: cannot find -ldld: No such file or directory
collect2: error: ld returned 1 exit status
configure:18042: $? = 1
configure: failed program was:
| /* confdefs.h */
| #define PACKAGE_NAME "tpm2-tss"
| #define PACKAGE_TARNAME "tpm2-tss"
| #define PACKAGE_VERSION "4.1.2"
| #define PACKAGE_STRING "tpm2-tss 4.1.2"
| #define PACKAGE_BUGREPORT "https://github.com/tpm2-software/tpm2-tss/issues"
| #define PACKAGE_URL "https://github.com/tpm2-software/tpm2-tss"
| #define PACKAGE "tpm2-tss"
| #define VERSION "4.1.2"
| #define NDEBUG 1
| #define HAVE_STDIO_H 1
| #define HAVE_STDLIB_H 1
| #define HAVE_STRING_H 1
| #define HAVE_INTTYPES_H 1
| #define HAVE_STDINT_H 1
| #define HAVE_STRINGS_H 1
| #define HAVE_SYS_STAT_H 1
| #define HAVE_SYS_TYPES_H 1
| #define HAVE_UNISTD_H 1
| #define HAVE_WCHAR_H 1
| #define STDC_HEADERS 1
| #define _ALL_SOURCE 1
| #define _DARWIN_C_SOURCE 1
| #define _GNU_SOURCE 1
| #define _HPUX_ALT_XOPEN_SOCKET_API 1
| #define _NETBSD_SOURCE 1
| #define _OPENBSD_SOURCE 1
| #define _POSIX_PTHREAD_SEMANTICS 1
| #define __STDC_WANT_IEC_60559_ATTRIBS_EXT__ 1
| #define __STDC_WANT_IEC_60559_BFP_EXT__ 1
| #define __STDC_WANT_IEC_60559_DFP_EXT__ 1
| #define __STDC_WANT_IEC_60559_FUNCS_EXT__ 1
| #define __STDC_WANT_IEC_60559_TYPES_EXT__ 1
| #define __STDC_WANT_LIB_EXT2__ 1
| #define __STDC_WANT_MATH_SPEC_FUNCS__ 1
| #define _TANDEM_SOURCE 1
| #define __EXTENSIONS__ 1
| #define HAVE_DLFCN_H 1
| #define LT_OBJDIR ".libs/"
| #define HAVE_LIBDL 1
| #define HAVE_DLERROR 1
| /* end confdefs.h.  */
| 
| /* Override any GCC internal prototype to avoid an error.
|    Use char because int might match the return type of a GCC
|    builtin and then its argument prototype would still apply.  */
| char dld_link ();
| int
| main (void)
| {
| return dld_link ();
|   ;
|   return 0;
| }
configure:18052: result: no
configure:18364: checking for pkg-config
configure:18387: found /usr/bin/pkg-config
configure:18399: result: /usr/bin/pkg-config
configure:18424: checking pkg-config is at least version 0.9.0
configure:18427: result: yes
configure:18542: checking for strndup
configure:18542: gcc -o conftest -g -O0 -DSIMULATE_X86   conftest.c  >&5
conftest.c:61:6: warning: conflicting types for built-in function 'strndup'; expected 'char *(const char *, long unsigned int)' [-Wbuiltin-declaration-mismatch]
   61 | char strndup ();
      |      ^~~~~~~
configure:18542: $? = 0
configure:18542: result: yes
configure:18550: checking for reallocarray
configure:18550: gcc -o conftest -g -O0 -DSIMULATE_X86   conftest.c  >&5
configure:18550: $? = 0
configure:18550: result: yes
configure:18678: checking for libcrypto >= 1.1.0
configure:18685: $PKG_CONFIG --exists --print-errors "libcrypto >= 1.1.0"
configure:18688: $? = 0
configure:18702: $PKG_CONFIG --exists --print-errors "libcrypto >= 1.1.0"
configure:18705: $? = 0
configure:18743: result: yes
configure:18750: checking for EVP_sm3 in -lcrypto
configure:18773: gcc -o conftest -g -O0 -DSIMULATE_X86   conftest.c -lcrypto   >&5
configure:18773: $? = 0
configure:18783: result: yes
configure:18793: checking for EVP_sm4_cfb128 in -lcrypto
configure:18816: gcc -o conftest -g -O0 -DSIMULATE_X86   conftest.c -lcrypto   >&5
configure:18816: $? = 0
configure:18826: result: yes
configure:18888: checking for json-c >= 0.13
configure:18895: $PKG_CONFIG --exists --print-errors "json-c >= 0.13"
configure:18898: $? = 0
configure:18912: $PKG_CONFIG --exists --print-errors "json-c >= 0.13"
configure:18915: $? = 0
configure:18973: result: yes
configure:18983: checking for libcurl
configure:18990: $PKG_CONFIG --exists --print-errors "libcurl"
configure:18993: $? = 0
configure:19007: $PKG_CONFIG --exists --print-errors "libcurl"
configure:19010: $? = 0
configure:19068: result: yes
configure:19073: checking for curl_url_strerror in -lcurl
configure:19096: gcc -o conftest -g -O0 -DSIMULATE_X86   conftest.c -lcurl   >&5
configure:19096: $? = 0
configure:19106: result: yes
configure:19120: checking for uuid
configure:19127: $PKG_CONFIG --exists --print-errors "uuid"
configure:19130: $? = 0
configure:19144: $PKG_CONFIG --exists --print-errors "uuid"
configure:19147: $? = 0
configure:19205: result: yes
configure:19375: checking for libtpms/tpm_library.h
configure:19375: gcc -c -g -O0 -DSIMULATE_X86  conftest.c >&5
conftest.c:82:10: fatal error: libtpms/tpm_library.h: No such file or directory
   82 | #include <libtpms/tpm_library.h>
      |          ^~~~~~~~~~~~~~~~~~~~~~~
compilation terminated.
configure:19375: $? = 1
configure: failed program was:
| /* confdefs.h */
| #define PACKAGE_NAME "tpm2-tss"
| #define PACKAGE_TARNAME "tpm2-tss"
| #define PACKAGE_VERSION "4.1.2"
| #define PACKAGE_STRING "tpm2-tss 4.1.2"
| #define PACKAGE_BUGREPORT "https://github.com/tpm2-software/tpm2-tss/issues"
| #define PACKAGE_URL "https://github.com/tpm2-software/tpm2-tss"
| #define PACKAGE "tpm2-tss"
| #define VERSION "4.1.2"
| #define NDEBUG 1
| #define HAVE_STDIO_H 1
| #define HAVE_STDLIB_H 1
| #define HAVE_STRING_H 1
| #define HAVE_INTTYPES_H 1
| #define HAVE_STDINT_H 1
| #define HAVE_STRINGS_H 1
| #define HAVE_SYS_STAT_H 1
| #define HAVE_SYS_TYPES_H 1
| #define HAVE_UNISTD_H 1
| #define HAVE_WCHAR_H 1
| #define STDC_HEADERS 1
| #define _ALL_SOURCE 1
| #define _DARWIN_C_SOURCE 1
| #define _GNU_SOURCE 1
| #define _HPUX_ALT_XOPEN_SOCKET_API 1
| #define _NETBSD_SOURCE 1
| #define _OPENBSD_SOURCE 1
| #define _POSIX_PTHREAD_SEMANTICS 1
| #define __STDC_WANT_IEC_60559_ATTRIBS_EXT__ 1
| #define __STDC_WANT_IEC_60559_BFP_EXT__ 1
| #define __STDC_WANT_IEC_60559_DFP_EXT__ 1
| #define __STDC_WANT_IEC_60559_FUNCS_EXT__ 1
| #define __STDC_WANT_IEC_60559_TYPES_EXT__ 1
| #define __STDC_WANT_LIB_EXT2__ 1
| #define __STDC_WANT_MATH_SPEC_FUNCS__ 1
| #define _TANDEM_SOURCE 1
| #define __EXTENSIONS__ 1
| #define HAVE_DLFCN_H 1
| #define LT_OBJDIR ".libs/"
| #define HAVE_LIBDL 1
| #define HAVE_DLERROR 1
| #define HAVE_LIBDLLOADER 1
| #define SYSCONFDIR "/home/nik/workspace/x86_mock_out/etc"
| #define HAVE_REALLOCARRAY 1
| #define OSSL 1
| #define HAVE_EVP_SM3 1
| #define HAVE_EVP_SM4_CFB 1
| #define HAVE_CURL_URL_STRERROR 1
| #define TCTI_SECMODULE 1
| #define TCTI_DEVICE 1
| #define TCTI_MSSIM 1
| #define TCTI_SWTPM 1
| /* end confdefs.h.  */
| #include <stddef.h>
| #ifdef HAVE_STDIO_H
| # include <stdio.h>
| #endif
| #ifdef HAVE_STDLIB_H
| # include <stdlib.h>
| #endif
| #ifdef HAVE_STRING_H
| # include <string.h>
| #endif
| #ifdef HAVE_INTTYPES_H
| # include <inttypes.h>
| #endif
| #ifdef HAVE_STDINT_H
| # include <stdint.h>
| #endif
| #ifdef HAVE_STRINGS_H
| # include <strings.h>
| #endif
| #ifdef HAVE_SYS_TYPES_H
| # include <sys/types.h>
| #endif
| #ifdef HAVE_SYS_STAT_H
| # include <sys/stat.h>
| #endif
| #ifdef HAVE_UNISTD_H
| # include <unistd.h>
| #endif
| #include <libtpms/tpm_library.h>
configure:19375: result: no
configure:19381: WARNING: library libtpms missing
configure:19536: checking for libusb-1.0
configure:19543: $PKG_CONFIG --exists --print-errors "libusb-1.0"
Package libusb-1.0 was not found in the pkg-config search path.
Perhaps you should add the directory containing `libusb-1.0.pc'
to the PKG_CONFIG_PATH environment variable
No package 'libusb-1.0' found
configure:19546: $? = 1
configure:19560: $PKG_CONFIG --exists --print-errors "libusb-1.0"
Package libusb-1.0 was not found in the pkg-config search path.
Perhaps you should add the directory containing `libusb-1.0.pc'
to the PKG_CONFIG_PATH environment variable
No package 'libusb-1.0' found
configure:19563: $? = 1
configure:19577: result: no
No package 'libusb-1.0' found
configure:19642: checking for linux/ioctl.h
configure:19642: gcc -c -g -O0 -DSIMULATE_X86  conftest.c >&5
configure:19642: $? = 0
configure:19642: result: yes
configure:19668: checking for libftdi
configure:19675: $PKG_CONFIG --exists --print-errors "libftdi"
Package libftdi was not found in the pkg-config search path.
Perhaps you should add the directory containing `libftdi.pc'
to the PKG_CONFIG_PATH environment variable
No package 'libftdi' found
configure:19678: $? = 1
configure:19692: $PKG_CONFIG --exists --print-errors "libftdi"
Package libftdi was not found in the pkg-config search path.
Perhaps you should add the directory containing `libftdi.pc'
to the PKG_CONFIG_PATH environment variable
No package 'libftdi' found
configure:19695: $? = 1
configure:19709: result: no
No package 'libftdi' found
configure:19727: checking for libftdi1
configure:19734: $PKG_CONFIG --exists --print-errors "libftdi1"
Package libftdi1 was not found in the pkg-config search path.
Perhaps you should add the directory containing `libftdi1.pc'
to the PKG_CONFIG_PATH environment variable
No package 'libftdi1' found
configure:19737: $? = 1
configure:19751: $PKG_CONFIG --exists --print-errors "libftdi1"
Package libftdi1 was not found in the pkg-config search path.
Perhaps you should add the directory containing `libftdi1.pc'
to the PKG_CONFIG_PATH environment variable
No package 'libftdi1' found
configure:19754: $? = 1
configure:19768: result: no
No package 'libftdi1' found
configure:21462: checking for valgrind
configure:21497: result: no
configure:21898: checking if LD -Wl,--version-script works
configure:21919: gcc -o conftest -g -O0 -DSIMULATE_X86   -Wl,--version-script=conftest.map conftest.c  >&5
/usr/bin/ld:conftest.map:0: syntax error in VERSION script
collect2: error: ld returned 1 exit status
configure:21919: $? = 1
configure: failed program was:
| /* confdefs.h */
| #define PACKAGE_NAME "tpm2-tss"
| #define PACKAGE_TARNAME "tpm2-tss"
| #define PACKAGE_VERSION "4.1.2"
| #define PACKAGE_STRING "tpm2-tss 4.1.2"
| #define PACKAGE_BUGREPORT "https://github.com/tpm2-software/tpm2-tss/issues"
| #define PACKAGE_URL "https://github.com/tpm2-software/tpm2-tss"
| #define PACKAGE "tpm2-tss"
| #define VERSION "4.1.2"
| #define NDEBUG 1
| #define HAVE_STDIO_H 1
| #define HAVE_STDLIB_H 1
| #define HAVE_STRING_H 1
| #define HAVE_INTTYPES_H 1
| #define HAVE_STDINT_H 1
| #define HAVE_STRINGS_H 1
| #define HAVE_SYS_STAT_H 1
| #define HAVE_SYS_TYPES_H 1
| #define HAVE_UNISTD_H 1
| #define HAVE_WCHAR_H 1
| #define STDC_HEADERS 1
| #define _ALL_SOURCE 1
| #define _DARWIN_C_SOURCE 1
| #define _GNU_SOURCE 1
| #define _HPUX_ALT_XOPEN_SOCKET_API 1
| #define _NETBSD_SOURCE 1
| #define _OPENBSD_SOURCE 1
| #define _POSIX_PTHREAD_SEMANTICS 1
| #define __STDC_WANT_IEC_60559_ATTRIBS_EXT__ 1
| #define __STDC_WANT_IEC_60559_BFP_EXT__ 1
| #define __STDC_WANT_IEC_60559_DFP_EXT__ 1
| #define __STDC_WANT_IEC_60559_FUNCS_EXT__ 1
| #define __STDC_WANT_IEC_60559_TYPES_EXT__ 1
| #define __STDC_WANT_LIB_EXT2__ 1
| #define __STDC_WANT_MATH_SPEC_FUNCS__ 1
| #define _TANDEM_SOURCE 1
| #define __EXTENSIONS__ 1
| #define HAVE_DLFCN_H 1
| #define LT_OBJDIR ".libs/"
| #define HAVE_LIBDL 1
| #define HAVE_DLERROR 1
| #define HAVE_LIBDLLOADER 1
| #define SYSCONFDIR "/home/nik/workspace/x86_mock_out/etc"
| #define HAVE_REALLOCARRAY 1
| #define OSSL 1
| #define HAVE_EVP_SM3 1
| #define HAVE_EVP_SM4_CFB 1
| #define HAVE_CURL_URL_STRERROR 1
| #define TCTI_SECMODULE 1
| #define TCTI_DEVICE 1
| #define TCTI_MSSIM 1
| #define TCTI_SWTPM 1
| #define TCTI_CMD 1
| #define TCTI_SPI_HELPER 1
| #define TCTI_SPIDEV 1
| #define TCTI_I2C_HELPER 1
| /* end confdefs.h.  */
| 
| int
| main (void)
| {
| 
|   ;
|   return 0;
| }
configure:21943: gcc -o conftest -g -O0 -DSIMULATE_X86   -Wl,--version-script=conftest.map conftest.c  >&5
configure:21943: $? = 0
configure:21955: result: yes
configure:22037: checking whether C compiler accepts -O2
configure:22059: gcc -c -g -O0 -DSIMULATE_X86
        -Wall -Werror
     -O2  conftest.c >&5
configure:22059: $? = 0
configure:22068: result: yes
configure:22093: checking whether C compiler accepts -Werror
configure:22113: gcc -c -g -O0 -DSIMULATE_X86  -Werror  conftest.c >&5
configure:22113: $? = 0
configure:22122: result: yes
configure:22131: checking whether to add -D_FORTIFY_SOURCE=2 to CPPFLAGS
configure:22152: gcc -o conftest -g -O0 -DSIMULATE_X86 -Werror   conftest.c  >&5
configure:22152: $? = 0
configure:22168: gcc -o conftest -g -O0 -DSIMULATE_X86 -Werror   conftest.c  >&5
configure:22168: $? = 0
configure:22171: result: yes
configure:22197: checking whether C compiler accepts -std=c99
configure:22219: gcc -c -g -O0 -DSIMULATE_X86
        -Wall -Werror
     -std=c99  -D_FORTIFY_SOURCE=2 conftest.c >&5
configure:22219: $? = 0
configure:22228: result: yes
configure:22251: checking whether C compiler accepts -Wall
configure:22273: gcc -c -g -O0 -DSIMULATE_X86
        -Wall -Werror
     -Wall  -D_FORTIFY_SOURCE=2 conftest.c >&5
configure:22273: $? = 0
configure:22282: result: yes
configure:22305: checking whether C compiler accepts -Wextra
configure:22327: gcc -c -g -O0 -DSIMULATE_X86
        -Wall -Werror
     -Wextra  -D_FORTIFY_SOURCE=2 conftest.c >&5
configure:22327: $? = 0
configure:22336: result: yes
configure:22359: checking whether C compiler accepts -Wformat-security
configure:22381: gcc -c -g -O0 -DSIMULATE_X86
        -Wall -Werror
     -Wformat-security  -D_FORTIFY_SOURCE=2 conftest.c >&5
configure:22381: $? = 0
configure:22390: result: yes
configure:22470: checking whether C compiler accepts -fstack-protector-all
configure:22492: gcc -c -g -O0 -DSIMULATE_X86
        -Wall -Werror
     -fstack-protector-all  -D_FORTIFY_SOURCE=2 conftest.c >&5
configure:22492: $? = 0
configure:22501: result: yes
configure:22524: checking whether C compiler accepts -fpic
configure:22546: gcc -c -g -O0 -DSIMULATE_X86
        -Wall -Werror
     -fpic  -D_FORTIFY_SOURCE=2 conftest.c >&5
configure:22546: $? = 0
configure:22555: result: yes
configure:22578: checking whether C compiler accepts -fPIC
configure:22600: gcc -c -g -O0 -DSIMULATE_X86
        -Wall -Werror
     -fPIC  -D_FORTIFY_SOURCE=2 conftest.c >&5
configure:22600: $? = 0
configure:22609: result: yes
configure:22634: checking whether C compiler accepts -Wno-missing-braces
configure:22656: gcc -c -g -O0 -DSIMULATE_X86
        -Wall -Werror
     -Wno-missing-braces  -D_FORTIFY_SOURCE=2 conftest.c >&5
configure:22656: $? = 0
configure:22665: result: yes
configure:22688: checking whether C compiler accepts -Wstrict-overflow=5
configure:22710: gcc -c -g -O0 -DSIMULATE_X86
        -Wall -Werror
     -Wstrict-overflow=5  -D_FORTIFY_SOURCE=2 conftest.c >&5
configure:22710: $? = 0
configure:22719: result: yes
configure:22742: checking whether the linker accepts -Wl,--no-undefined
configure:22762: gcc -o conftest -g -O0 -DSIMULATE_X86  -D_FORTIFY_SOURCE=2   -Wl,--no-undefined conftest.c  >&5
configure:22762: $? = 0
configure:22772: result: yes
configure:22796: checking whether the linker accepts -Wl,-z,noexecstack
configure:22816: gcc -o conftest -g -O0 -DSIMULATE_X86  -D_FORTIFY_SOURCE=2   -Wl,-z,noexecstack conftest.c  >&5
configure:22816: $? = 0
configure:22826: result: yes
configure:22850: checking whether the linker accepts -Wl,-z,now
configure:22870: gcc -o conftest -g -O0 -DSIMULATE_X86  -D_FORTIFY_SOURCE=2   -Wl,-z,now conftest.c  >&5
configure:22870: $? = 0
configure:22880: result: yes
configure:22904: checking whether the linker accepts -Wl,-z,relro
configure:22924: gcc -o conftest -g -O0 -DSIMULATE_X86  -D_FORTIFY_SOURCE=2   -Wl,-z,relro conftest.c  >&5
configure:22924: $? = 0
configure:22934: result: yes
configure:23015: checking for systemd-sysusers
configure:23036: found /usr/bin/systemd-sysusers
configure:23047: result: yes
configure:23065: checking for systemd-tmpfiles
configure:23086: found /usr/bin/systemd-tmpfiles
configure:23097: result: yes
configure:25490: checking whether to build with code coverage support
configure:25511: result: no
configure:26014: checking that generated files are newer than configure
configure:26020: result: done
configure:26204: creating ./config.status

## ---------------------- ##
## Running config.status. ##
## ---------------------- ##

This file was extended by tpm2-tss config.status 4.1.2, which was
generated by GNU Autoconf 2.71.  Invocation command line was

  CONFIG_FILES    = 
  CONFIG_HEADERS  = 
  CONFIG_LINKS    = 
  CONFIG_COMMANDS = 
  $ ./config.status 

on nik-virtual-machine

config.status:1500: creating Makefile
config.status:1500: creating Doxyfile
config.status:1500: creating lib/tss2-sys.pc
config.status:1500: creating lib/tss2-esys.pc
config.status:1500: creating lib/tss2-mu.pc
config.status:1500: creating lib/tss2-tcti-device.pc
config.status:1500: creating lib/tss2-tcti-secmodule.pc
config.status:1500: creating lib/tss2-tcti-mssim.pc
config.status:1500: creating lib/tss2-tcti-swtpm.pc
config.status:1500: creating lib/tss2-tcti-pcap.pc
config.status:1500: creating lib/tss2-tcti-libtpms.pc
config.status:1500: creating lib/tss2-rc.pc
config.status:1500: creating lib/tss2-tctildr.pc
config.status:1500: creating lib/tss2-fapi.pc
config.status:1500: creating lib/tss2-tcti-cmd.pc
config.status:1500: creating lib/tss2-policy.pc
config.status:1500: creating lib/tss2-tcti-spi-helper.pc
config.status:1500: creating lib/tss2-tcti-spi-ltt2go.pc
config.status:1500: creating lib/tss2-tcti-spidev.pc
config.status:1500: creating lib/tss2-tcti-spi-ftdi.pc
config.status:1500: creating lib/tss2-tcti-i2c-helper.pc
config.status:1500: creating lib/tss2-tcti-i2c-ftdi.pc
config.status:1500: creating config.h
config.status:1681: config.h is unchanged
config.status:1729: executing depfiles commands
config.status:1806: cd .       && sed -e '/# am--include-marker/d' Makefile         | make -f - am--depfiles
make: Nothing to be done for 'am--depfiles'.
config.status:1811: $? = 0
config.status:1729: executing libtool commands
configure:28633: result:
    tpm2-tss 4.1.2
    esys:               yes
    fapi:               yes
    policy:             yes
    tctidefaultmodule:  libtss2-tcti-default.so
    tctidefaultconfig:  
    unit:               no
    integration:        no
    testing backend:    none
    fapi test profile:  P_ECC
    fuzzing:            none
    debug:              no
    maxloglevel:        trace
    doxygen:            0 no
    crypto backend:     ossl
    sysconfdir:         ${prefix}/etc
    localstatedir:      ${prefix}/var
    runstatedir:        ${localstatedir}/run
    sysusersdir:        ${prefix}/etc/sysusers.d
    tmpfilesdir:        ${prefix}/etc/tmpfiles.d
    userstatedir:       $HOME/.local/share
    sysmeasurements:    /dev/null
    imameasurements:    /sys/kernel/security/ima/binary_runtime_measurements
    tcti_spi_ltt2go      no
    tcti_spidev         yes
    tcti_spi_ftdi       no
    tcti_i2c_ftdi       no


## ---------------- ##
## Cache variables. ##
## ---------------- ##

ac_cv_build=x86_64-pc-linux-gnu
ac_cv_c_bigendian=no
ac_cv_c_compiler_gnu=yes
ac_cv_c_undeclared_builtin_options='none needed'
ac_cv_cxx_compiler_gnu=yes
ac_cv_env_CCC_set=
ac_cv_env_CCC_value=
ac_cv_env_CC_set=set
ac_cv_env_CC_value=gcc
ac_cv_env_CFLAGS_set=set
ac_cv_env_CFLAGS_value='-g -O0 -DSIMULATE_X86'
ac_cv_env_CMOCKA_CFLAGS_set=
ac_cv_env_CMOCKA_CFLAGS_value=
ac_cv_env_CMOCKA_LIBS_set=
ac_cv_env_CMOCKA_LIBS_value=
ac_cv_env_CPPFLAGS_set=
ac_cv_env_CPPFLAGS_value=
ac_cv_env_CRYPTO_CFLAGS_set=
ac_cv_env_CRYPTO_CFLAGS_value=
ac_cv_env_CRYPTO_LIBS_set=
ac_cv_env_CRYPTO_LIBS_value=
ac_cv_env_CURL_CFLAGS_set=
ac_cv_env_CURL_CFLAGS_value=
ac_cv_env_CURL_LIBS_set=
ac_cv_env_CURL_LIBS_value=
ac_cv_env_CXXCPP_set=
ac_cv_env_CXXCPP_value=
ac_cv_env_CXXFLAGS_set=set
ac_cv_env_CXXFLAGS_value='-g -O0 -DSIMULATE_X86'
ac_cv_env_CXX_set=set
ac_cv_env_CXX_value=g++
ac_cv_env_DOXYGEN_PAPER_SIZE_set=
ac_cv_env_DOXYGEN_PAPER_SIZE_value=
ac_cv_env_JSONC_CFLAGS_set=
ac_cv_env_JSONC_CFLAGS_value=
ac_cv_env_JSONC_LIBS_set=
ac_cv_env_JSONC_LIBS_value=
ac_cv_env_LDFLAGS_set=
ac_cv_env_LDFLAGS_value=
ac_cv_env_LIBFTDI_CFLAGS_set=
ac_cv_env_LIBFTDI_CFLAGS_value=
ac_cv_env_LIBFTDI_LIBS_set=
ac_cv_env_LIBFTDI_LIBS_value=
ac_cv_env_LIBS_set=
ac_cv_env_LIBS_value=
ac_cv_env_LIBUSB_CFLAGS_set=
ac_cv_env_LIBUSB_CFLAGS_value=
ac_cv_env_LIBUSB_LIBS_set=
ac_cv_env_LIBUSB_LIBS_value=
ac_cv_env_LT_SYS_LIBRARY_PATH_set=
ac_cv_env_LT_SYS_LIBRARY_PATH_value=
ac_cv_env_PKG_CONFIG_LIBDIR_set=
ac_cv_env_PKG_CONFIG_LIBDIR_value=
ac_cv_env_PKG_CONFIG_PATH_set=
ac_cv_env_PKG_CONFIG_PATH_value=
ac_cv_env_PKG_CONFIG_set=
ac_cv_env_PKG_CONFIG_value=
ac_cv_env_UUID_CFLAGS_set=
ac_cv_env_UUID_CFLAGS_value=
ac_cv_env_UUID_LIBS_set=
ac_cv_env_UUID_LIBS_value=
ac_cv_env_build_alias_set=
ac_cv_env_build_alias_value=
ac_cv_env_host_alias_set=
ac_cv_env_host_alias_value=
ac_cv_env_target_alias_set=
ac_cv_env_target_alias_value=
ac_cv_func_dlerror=yes
ac_cv_func_reallocarray=yes
ac_cv_func_shl_load=no
ac_cv_func_strndup=yes
ac_cv_header_dlfcn_h=yes
ac_cv_header_inttypes_h=yes
ac_cv_header_libtpms_tpm_library_h=no
ac_cv_header_linux_ioctl_h=yes
ac_cv_header_minix_config_h=no
ac_cv_header_stdint_h=yes
ac_cv_header_stdio_h=yes
ac_cv_header_stdlib_h=yes
ac_cv_header_string_h=yes
ac_cv_header_strings_h=yes
ac_cv_header_sys_stat_h=yes
ac_cv_header_sys_types_h=yes
ac_cv_header_unistd_h=yes
ac_cv_header_wchar_h=yes
ac_cv_host=x86_64-pc-linux-gnu
ac_cv_lib_crypto_EVP_sm3=yes
ac_cv_lib_crypto_EVP_sm4_cfb128=yes
ac_cv_lib_curl_curl_url_strerror=yes
ac_cv_lib_dld_dld_link=no
ac_cv_lib_dld_shl_load=no
ac_cv_objext=o
ac_cv_path_EGREP='/usr/bin/grep -E'
ac_cv_path_FGREP='/usr/bin/grep -F'
ac_cv_path_GREP=/usr/bin/grep
ac_cv_path_SED=/usr/bin/sed
ac_cv_path_ac_pt_PKG_CONFIG=/usr/bin/pkg-config
ac_cv_path_install='/usr/bin/install -c'
ac_cv_path_lt_DD=/usr/bin/dd
ac_cv_path_mkdir=/usr/bin/mkdir
ac_cv_prog_AWK=mawk
ac_cv_prog_CXXCPP='g++ -E'
ac_cv_prog_ac_ct_AR=ar
ac_cv_prog_ac_ct_CC=gcc
ac_cv_prog_ac_ct_MANIFEST_TOOL=mt
ac_cv_prog_ac_ct_OBJDUMP=objdump
ac_cv_prog_ac_ct_RANLIB=ranlib
ac_cv_prog_ac_ct_STRIP=strip
ac_cv_prog_cc_c11=
ac_cv_prog_cc_g=yes
ac_cv_prog_cc_stdc=
ac_cv_prog_cxx_11=no
ac_cv_prog_cxx_cxx11=
ac_cv_prog_cxx_g=yes
ac_cv_prog_cxx_stdcxx=
ac_cv_prog_make_make_set=yes
ac_cv_prog_systemd_sysusers=yes
ac_cv_prog_systemd_tmpfiles=yes
ac_cv_safe_to_define___extensions__=yes
ac_cv_search_dlopen='none required'
ac_cv_should_define__xopen_source=no
am_cv_CC_dependencies_compiler_type=gcc3
am_cv_CXX_dependencies_compiler_type=gcc3
am_cv_make_support_nested_variables=yes
am_cv_prog_cc_c_o=yes
ax_cv_check_cflags___Werror=yes
ax_cv_check_cflags___________Wall__Werror_______O2=yes
ax_cv_check_cflags___________Wall__Werror_______Wall=yes
ax_cv_check_cflags___________Wall__Werror_______Wextra=yes
ax_cv_check_cflags___________Wall__Werror_______Wformat_security=yes
ax_cv_check_cflags___________Wall__Werror_______Wno_missing_braces=yes
ax_cv_check_cflags___________Wall__Werror_______Wstrict_overflow_5=yes
ax_cv_check_cflags___________Wall__Werror_______fPIC=yes
ax_cv_check_cflags___________Wall__Werror_______fpic=yes
ax_cv_check_cflags___________Wall__Werror_______fstack_protector_all=yes
ax_cv_check_cflags___________Wall__Werror_______std_c99=yes
ax_cv_check_ldflags___Wl___no_undefined=yes
ax_cv_check_ldflags___Wl__z_noexecstack=yes
ax_cv_check_ldflags___Wl__z_now=yes
ax_cv_check_ldflags___Wl__z_relro=yes
gl_cv_sys_ld_version_script=yes
libltdl_cv_lib_dl_dlopen=yes
lt_cv_ar_at_file=@
lt_cv_archive_cmds_need_lc=no
lt_cv_deplibs_check_method=pass_all
lt_cv_file_magic_cmd='$MAGIC_CMD'
lt_cv_file_magic_test_file=
lt_cv_ld_reload_flag=-r
lt_cv_nm_interface='BSD nm'
lt_cv_objdir=.libs
lt_cv_path_LD=/usr/bin/ld
lt_cv_path_LDCXX='/usr/bin/ld -m elf_x86_64'
lt_cv_path_NM='/usr/bin/nm -B'
lt_cv_path_mainfest_tool=no
lt_cv_prog_compiler_c_o=yes
lt_cv_prog_compiler_c_o_CXX=yes
lt_cv_prog_compiler_pic='-fPIC -DPIC'
lt_cv_prog_compiler_pic_CXX='-fPIC -DPIC'
lt_cv_prog_compiler_pic_works=yes
lt_cv_prog_compiler_pic_works_CXX=yes
lt_cv_prog_compiler_rtti_exceptions=no
lt_cv_prog_compiler_static_works=yes
lt_cv_prog_compiler_static_works_CXX=yes
lt_cv_prog_gnu_ld=yes
lt_cv_prog_gnu_ldcxx=yes
lt_cv_sharedlib_from_linklib_cmd='printf %s\n'
lt_cv_shlibpath_overrides_runpath=yes
lt_cv_sys_global_symbol_pipe='sed -n -e '\''s/^.*[	 ]\([ABCDGIRSTW][ABCDGIRSTW]*\)[	 ][	 ]*\([_A-Za-z][_A-Za-z0-9]*\)$/\1 \2 \2/p'\'' | sed '\''/ __gnu_lto/d'\'''
lt_cv_sys_global_symbol_to_c_name_address='sed -n -e '\''s/^: \(.*\) .*$/  {"\1", (void *) 0},/p'\'' -e '\''s/^[ABCDGIRSTW][ABCDGIRSTW]* .* \(.*\)$/  {"\1", (void *) \&\1},/p'\'''
lt_cv_sys_global_symbol_to_c_name_address_lib_prefix='sed -n -e '\''s/^: \(.*\) .*$/  {"\1", (void *) 0},/p'\'' -e '\''s/^[ABCDGIRSTW][ABCDGIRSTW]* .* \(lib.*\)$/  {"\1", (void *) \&\1},/p'\'' -e '\''s/^[ABCDGIRSTW][ABCDGIRSTW]* .* \(.*\)$/  {"lib\1", (void *) \&\1},/p'\'''
lt_cv_sys_global_symbol_to_cdecl='sed -n -e '\''s/^T .* \(.*\)$/extern int \1();/p'\'' -e '\''s/^[ABCDGIRSTW][ABCDGIRSTW]* .* \(.*\)$/extern char \1;/p'\'''
lt_cv_sys_global_symbol_to_import=
lt_cv_sys_max_cmd_len=1572864
lt_cv_to_host_file_cmd=func_convert_file_noop
lt_cv_to_tool_file_cmd=func_convert_file_noop
lt_cv_truncate_bin='/usr/bin/dd bs=4096 count=1'
pkg_cv_CRYPTO_CFLAGS=
pkg_cv_CRYPTO_LIBS=-lcrypto
pkg_cv_CURL_CFLAGS=-I/usr/include/x86_64-linux-gnu
pkg_cv_CURL_LIBS=-lcurl
pkg_cv_JSONC_CFLAGS=-I/usr/include/json-c
pkg_cv_JSONC_LIBS=-ljson-c
pkg_cv_UUID_CFLAGS=-I/usr/include/uuid
pkg_cv_UUID_LIBS=-luuid

## ----------------- ##
## Output variables. ##
## ----------------- ##














		$(foreach tool, $(valgrind_enabled_tools), check-valgrind-$(tool))
		LOG_COMPILER="$$(VALGRIND_LOG_COMPILER)" \
		LOG_FLAGS="$$(valgrind_$(1)_flags)" \
		TESTS_ENVIRONMENT="$$(VALGRIND_TESTS_ENVIRONMENT)" \
		TEST_SUITE_LOG=test-suite-$(1).log
	$$(valgrind_v_use)$$(MAKE) check-TESTS \
	$(AM_V_at)$(MAKE) $(AM_MAKEFLAGS) -k \
	$(TESTS_ENVIRONMENT) \
	$(VALGRIND) $(VALGRIND_SUPPRESSIONS) --error-exitcode=1 $(VALGRIND_FLAGS)
	$(valgrind_lt) \
	@echo "Need to reconfigure with --enable-valgrind"
	@echo "Need to reconfigure with --enable-valgrind"
	@echo "Need to reconfigure with --enable-valgrind-$(1)"
	G_DEBUG=fatal-warnings,fatal-criticals,gc-friendly
	G_SLICE=always-malloc,debug-blocks \
	env VALGRIND=$(VALGRIND) \
#
#    (Default: --num-callers=30)
#    files to load. (Default: empty)
#    memcheck, helgrind, drd, sgcheck). (Default: various)
#  - VALGRIND_$toolname_FLAGS: Flags to pass to Valgrind $toolname (one of:
#  - VALGRIND_FLAGS: General flags to pass to all Valgrind tools.
#  - VALGRIND_SUPPRESSIONS_FILES: Space-separated list of Valgrind suppressions
# Internal use
# Optional variables
# Optional:
# Support running with and without libtool.
# Use recursive makes in order to ignore errors during check
# Valgrind check
# Valgrind running
$(foreach tool,$(valgrind_tools),$(eval $(call valgrind_tool_rule,$(tool))))
'
.PHONY: check-valgrind $(add-prefix check-valgrind-,$(valgrind_tools))
ACLOCAL='${SHELL} '\''/home/nik/workspace/tcm_tss/missing'\'' aclocal-1.16'
AMDEPBACKSLASH='\'
AMDEP_FALSE='#'
AMDEP_TRUE=''
AMTAR='$${TAR-tar}'
AM_BACKSLASH='\'
AM_DEFAULT_V='$(AM_DEFAULT_VERBOSITY)'
AM_DEFAULT_VERBOSITY='0'
AM_DISTCHECK_CONFIGURE_FLAGS += --disable-valgrind
AM_DISTCHECK_CONFIGURE_FLAGS ?=
AM_V='$(V)'
AR='ar'
AUTOCONF='${SHELL} '\''/home/nik/workspace/tcm_tss/missing'\'' autoconf'
AUTOCONF_CODE_COVERAGE_2019_01_06_FALSE='#'
AUTOCONF_CODE_COVERAGE_2019_01_06_TRUE=''
AUTOHEADER='${SHELL} '\''/home/nik/workspace/tcm_tss/missing'\'' autoheader'
AUTOMAKE='${SHELL} '\''/home/nik/workspace/tcm_tss/missing'\'' automake-1.16'
AWK='mawk'
CC='gcc'
CCDEPMODE='depmode=gcc3'
CFLAGS='-g -O0 -DSIMULATE_X86'
CMOCKA_CFLAGS=''
CMOCKA_LIBS=''
CODE_COVERAGE_CFLAGS=''
CODE_COVERAGE_CPPFLAGS=''
CODE_COVERAGE_CXXFLAGS=''
CODE_COVERAGE_ENABLED='no'
CODE_COVERAGE_ENABLED_FALSE=''
CODE_COVERAGE_ENABLED_TRUE='#'
CODE_COVERAGE_LIBS=''
CPPFLAGS=' -D_FORTIFY_SOURCE=2'
CRYPTO_CFLAGS=''
CRYPTO_LIBS='-lcrypto'
CSCOPE='cscope'
CTAGS='ctags'
CURL_CFLAGS='-I/usr/include/x86_64-linux-gnu'
CURL_LIBS='-lcurl'
CXX='g++'
CXXCPP='g++ -E'
CXXDEPMODE='depmode=gcc3'
CXXFLAGS='-g -O0 -DSIMULATE_X86'
CYGPATH_W='echo'
DEFS='-DHAVE_CONFIG_H'
DEPDIR='.deps'
DEVICEDESTRUCTIVE_FALSE=''
DEVICEDESTRUCTIVE_TRUE='#'
DEVICEMANDATORY_FALSE='#'
DEVICEMANDATORY_TRUE=''
DEVICEOPTIONAL_FALSE=''
DEVICEOPTIONAL_TRUE='#'
DISTCHECK_CONFIGURE_FLAGS=' '\''--prefix=/home/nik/workspace/x86_mock_out'\'' '\''--enable-tcti-secmodule'\'' '\''--disable-doxygen-doc'\'' '\''CC=gcc'\'' '\''CFLAGS=-g -O0 -DSIMULATE_X86'\'' '\''CXX=g++'\'' '\''CXXFLAGS=-g -O0 -DSIMULATE_X86'\'''
DLLTOOL='false'
DOT_PATH=''
DOXYGEN_PAPER_SIZE=''
DOXYMAN_FALSE=''
DOXYMAN_TRUE='#'
DSYMUTIL=''
DUMPBIN=''
DX_CONFIG='Doxyfile'
DX_DOCDIR='doxygen-doc'
DX_DOT=''
DX_DOXYGEN=''
DX_DVIPS=''
DX_EGREP=''
DX_ENV=' SRCDIR='\''.'\'' PROJECT='\''tpm2-tss'\'' VERSION='\''4.1.2'\'' HAVE_DOT='\''NO'\'' GENERATE_MAN='\''NO'\'' GENERATE_RTF='\''NO'\'' GENERATE_XML='\''NO'\'' GENERATE_HTMLHELP='\''NO'\'' GENERATE_CHI='\''NO'\'' GENERATE_HTML='\''NO'\'' GENERATE_LATEX='\''NO'\'''
DX_FLAG_chi='0'
DX_FLAG_chm='0'
DX_FLAG_doc='0'
DX_FLAG_dot='0'
DX_FLAG_html='0'
DX_FLAG_man='0'
DX_FLAG_pdf='0'
DX_FLAG_ps='0'
DX_FLAG_rtf='0'
DX_FLAG_xml='0'
DX_HHC=''
DX_LATEX=''
DX_MAKEINDEX=''
DX_PDFLATEX=''
DX_PERL=''
DX_PROJECT='tpm2-tss'
DX_RULES=''
ECHO_C=''
ECHO_N='-n'
ECHO_T=''
EGREP='/usr/bin/grep -E'
ENABLE_FUZZING_FALSE=''
ENABLE_FUZZING_TRUE='#'
ENABLE_INTEGRATION=''
ENABLE_INTEGRATION_FALSE=''
ENABLE_INTEGRATION_TRUE='#'
ENABLE_TCTI_CMD_FALSE='#'
ENABLE_TCTI_CMD_TRUE=''
ENABLE_TCTI_DEVICE_FALSE='#'
ENABLE_TCTI_DEVICE_TRUE=''
ENABLE_TCTI_FUZZING_FALSE=''
ENABLE_TCTI_FUZZING_TRUE='#'
ENABLE_TCTI_I2C_FTDI_FALSE=''
ENABLE_TCTI_I2C_FTDI_TRUE='#'
ENABLE_TCTI_I2C_HELPER_FALSE='#'
ENABLE_TCTI_I2C_HELPER_TRUE=''
ENABLE_TCTI_LIBTPMS_FALSE=''
ENABLE_TCTI_LIBTPMS_TRUE='#'
ENABLE_TCTI_MSSIM_FALSE='#'
ENABLE_TCTI_MSSIM_TRUE=''
ENABLE_TCTI_PCAP_FALSE='#'
ENABLE_TCTI_PCAP_TRUE=''
ENABLE_TCTI_SECMODULE_FALSE='#'
ENABLE_TCTI_SECMODULE_TRUE=''
ENABLE_TCTI_SPIDEV_FALSE='#'
ENABLE_TCTI_SPIDEV_TRUE=''
ENABLE_TCTI_SPI_FTDI_FALSE=''
ENABLE_TCTI_SPI_FTDI_TRUE='#'
ENABLE_TCTI_SPI_HELPER_FALSE='#'
ENABLE_TCTI_SPI_HELPER_TRUE=''
ENABLE_TCTI_SPI_LTT2GO_FALSE=''
ENABLE_TCTI_SPI_LTT2GO_TRUE='#'
ENABLE_TCTI_SWTPM_FALSE='#'
ENABLE_TCTI_SWTPM_TRUE=''
ENABLE_UTIL_IO_FALSE='#'
ENABLE_UTIL_IO_TRUE=''
ENABLE_VALGRIND_drd='no'
ENABLE_VALGRIND_helgrind='no'
ENABLE_VALGRIND_memcheck='no'
ENABLE_VALGRIND_sgcheck='no'
ESYS_FALSE='#'
ESYS_MBED_FALSE=''
ESYS_MBED_TRUE='#'
ESYS_OSSL_FALSE='#'
ESYS_OSSL_TRUE=''
ESYS_TRUE=''
ETAGS='etags'
EXEEXT=''
EXTRA_CFLAGS=' -O2 -std=c99 -Wall -Wextra -Wformat-security -fstack-protector-all -fpic -fPIC -Wno-missing-braces -Wstrict-overflow=5'
EXTRA_LDFLAGS=' -Wl,--no-undefined -Wl,-z,noexecstack -Wl,-z,now -Wl,-z,relro'
FAPI_FALSE='#'
FAPI_TRUE=''
FGREP='/usr/bin/grep -F'
FUZZ_LDFLAGS=''
GCOV=''
GENERATE_CHI='NO'
GENERATE_HTML='NO'
GENERATE_HTMLHELP='NO'
GENERATE_LATEX='NO'
GENERATE_MAN='NO'
GENERATE_RTF='NO'
GENERATE_XML='NO'
GENHTML=''
GREP='/usr/bin/grep'
HAVE_DOT='NO'
HAVE_LD_VERSION_SCRIPT_FALSE='#'
HAVE_LD_VERSION_SCRIPT_TRUE=''
HHC_PATH=''
HOSTOS='Linux'
HOSTOS_LINUX_FALSE='#'
HOSTOS_LINUX_TRUE=''
INIT_CA_FALSE=''
INIT_CA_TRUE='#'
INSTALL_DATA='${INSTALL} -m 644'
INSTALL_PROGRAM='${INSTALL}'
INSTALL_SCRIPT='${INSTALL}'
INSTALL_STRIP_PROGRAM='$(install_sh) -c -s'
INTEGRATION_TCTI=''
JSONC_CFLAGS='-I/usr/include/json-c'
JSONC_LIBS='-ljson-c'
LCOV=''
LD='/usr/bin/ld -m elf_x86_64'
LDFLAGS=''
LIBADD_DL=' '
LIBADD_DLD_LINK=''
LIBADD_DLOPEN=''
LIBADD_SHL_LOAD=''
LIBFTDI_CFLAGS=''
LIBFTDI_LIBS=''
LIBOBJS=''
LIBS=''
LIBSOCKET_LDFLAGS=''
LIBTOOL='$(SHELL) $(top_builddir)/libtool'
LIBUSB_CFLAGS=''
LIBUSB_LIBS=''
LIPO=''
LN_S='ln -s'
LTLIBOBJS=''
LT_DLLOADERS=' dlopen.la'
LT_DLPREOPEN='-dlpreopen dlopen.la '
LT_SYS_LIBRARY_PATH=''
MAKEINFO='${SHELL} '\''/home/nik/workspace/tcm_tss/missing'\'' makeinfo'
MANIFEST_TOOL=':'
MKDIR_P='/usr/bin/mkdir -p'
MOSTLYCLEANFILES += $(valgrind_log_files)
MOSTLYCLEANFILES ?=
NM='/usr/bin/nm -B'
NMEDIT=''
NO_DL_FALSE=''
NO_DL_TRUE='#'
OBJDUMP='objdump'
OBJEXT='o'
OTOOL64=''
OTOOL=''
PACKAGE='tpm2-tss'
PACKAGE_BUGREPORT='https://github.com/tpm2-software/tpm2-tss/issues'
PACKAGE_NAME='tpm2-tss'
PACKAGE_STRING='tpm2-tss 4.1.2'
PACKAGE_TARNAME='tpm2-tss'
PACKAGE_URL='https://github.com/tpm2-software/tpm2-tss'
PACKAGE_VERSION='4.1.2'
PAPER_SIZE=''
PATH='/usr/local/sbin:/usr/local/bin:/usr/sbin:/usr/bin:/sbin:/bin:/snap/bin'
PATH_SEPARATOR=':'
PERL_PATH=''
PKG_CONFIG='/usr/bin/pkg-config'
PKG_CONFIG_LIBDIR=''
PKG_CONFIG_PATH=''
POLICY_FALSE='#'
POLICY_TRUE=''
PROJECT='tpm2-tss'
RANLIB='ranlib'
SANITIZER_CFLAGS=''
SANITIZER_LDFLAGS=''
SED='/usr/bin/sed'
SET_MAKE=''
SHELL='/bin/bash'
SRCDIR='.'
STRIP='strip'
SYSD_SYSUSERS_FALSE='#'
SYSD_SYSUSERS_TRUE=''
SYSD_TMPFILES_FALSE='#'
SYSD_TMPFILES_TRUE=''
TESTDEVICE_FALSE=''
TESTDEVICE_TRUE='#'
TSS2_ESYS_CFLAGS_CRYPTO=''
TSS2_ESYS_LDFLAGS_CRYPTO='-lcrypto'
UNIT_FALSE=''
UNIT_TRUE='#'
UUID_CFLAGS='-I/usr/include/uuid'
UUID_LIBS='-luuid'
VALGRIND=''
VALGRIND_CHECK_RULES='
VALGRIND_ENABLED='no'
VALGRIND_ENABLED_FALSE=''
VALGRIND_ENABLED_TRUE='#'
VALGRIND_FLAGS ?= --num-callers=30
VALGRIND_LOG_COMPILER = \
VALGRIND_SUPPRESSIONS ?= $(addprefix --suppressions=,$(VALGRIND_SUPPRESSIONS_FILES))
VALGRIND_TESTS_ENVIRONMENT = \
VALGRIND_drd_FLAGS ?=
VALGRIND_helgrind_FLAGS ?= --history-level=approx
VALGRIND_memcheck_FLAGS ?= --leak-check=full --show-reachable=no
VALGRIND_sgcheck_FLAGS ?=
VENDOR_FALSE='#'
VENDOR_TRUE=''
VERSION='4.1.2'
WITH_UDEVRULESPREFIX_FALSE=''
WITH_UDEVRULESPREFIX_TRUE='#'
ac_ct_AR='ar'
ac_ct_CC='gcc'
ac_ct_CXX=''
ac_ct_DUMPBIN=''
addgroup=''
adduser=''
am__EXEEXT_FALSE=''
am__EXEEXT_TRUE='#'
am__fastdepCC_FALSE='#'
am__fastdepCC_TRUE=''
am__fastdepCXX_FALSE='#'
am__fastdepCXX_TRUE=''
am__include='include'
am__isrc=''
am__leading_dot='.'
am__nodep='_no'
am__quote=''
am__tar='$${TAR-tar} chof - "$$tardir"'
am__untar='$${TAR-tar} xf -'
bindir='${exec_prefix}/bin'
build='x86_64-pc-linux-gnu'
build_alias=''
build_cpu='x86_64'
build_os='linux-gnu'
build_vendor='pc'
check-valgrind-$(1)-am:
check-valgrind-am:
datadir='${datarootdir}'
datarootdir='${prefix}/share'
define valgrind_tool_rule
docdir='${datarootdir}/doc/${PACKAGE_TARNAME}'
dvidir='${docdir}'
else
else
else
else ifeq ($$(VALGRIND_ENABLED),yes)
endef
endif
endif
endif
endif
exec_prefix='${prefix}'
groupadd=''
host='x86_64-pc-linux-gnu'
host_alias=''
host_cpu='x86_64'
host_os='linux-gnu'
host_vendor='pc'
htmldir='${docdir}'
ifGNUmake=''
ifeq ($$(VALGRIND_ENABLED)-$$(ENABLE_VALGRIND_$(1)),yes-yes)
ifeq ($(VALGRIND_ENABLED),yes)
ifnGNUmake=''
ifneq ($$(TESTS),)
ifneq ($(LIBTOOL),)
imameasurements='/sys/kernel/security/ima/binary_runtime_measurements'
imameasurements_std='/sys/kernel/security/ima/binary_runtime_measurements'
includedir='${prefix}/include'
infodir='${datarootdir}/info'
install_sh='${SHELL} /home/nik/workspace/tcm_tss/install-sh'
libdir='${exec_prefix}/lib'
libexecdir='${exec_prefix}/libexec'
localedir='${datarootdir}/locale'
localstatedir='${prefix}/var'
mandir='${datarootdir}/man'
mkdir_p='$(MKDIR_P)'
oldincludedir='/usr/include'
pdfdir='${docdir}'
pkgconfigdir='${libdir}/pkgconfig'
prefix='/home/nik/workspace/x86_mock_out'
program_transform_name='s,x,x,'
psdir='${docdir}'
result_awk=''
result_basename=''
result_cat=''
result_dirname=''
result_doxygen=''
result_echo=''
result_env=''
result_expr=''
result_grep=''
result_kill=''
result_mktemp=''
result_od=''
result_realpath=''
result_rm=''
result_sleep=''
result_sockstat=''
result_ss=''
result_stdbuf=''
result_swtpm=''
result_tpm_server=''
runstatedir='${localstatedir}/run'
sbindir='${exec_prefix}/sbin'
sharedstatedir='${prefix}/com'
sysconfdir='${prefix}/etc'
sysmeasurements='/dev/null'
sysmeasurements_std='/dev/null'
systemd_sysusers='yes'
systemd_tmpfiles='yes'
sysusersdir='${prefix}/etc/sysusers.d'
target_alias=''
tmpfilesdir='${prefix}/etc/tmpfiles.d'
udevrulesdir='${exec_prefix}/lib/udev/rules.d'
udevrulesprefix=''
useradd=''
userstatedir='.local/share'
valgrind_drd_flags = --tool=drd $(VALGRIND_drd_FLAGS)
valgrind_enabled_tools=''
valgrind_helgrind_flags = --tool=helgrind $(VALGRIND_helgrind_FLAGS)
valgrind_log_files = $(addprefix test-suite-,$(addsuffix .log,$(valgrind_tools)))
valgrind_lt =
valgrind_lt = $(LIBTOOL) $(AM_LIBTOOLFLAGS) $(LIBTOOLFLAGS) --mode=execute
valgrind_memcheck_flags = --tool=memcheck $(VALGRIND_memcheck_FLAGS)
valgrind_quiet = $(valgrind_quiet_$(V))
valgrind_quiet_ = $(valgrind_quiet_$(AM_DEFAULT_VERBOSITY))
valgrind_quiet_0 = --quiet
valgrind_sgcheck_flags = --tool=exp-sgcheck $(VALGRIND_sgcheck_FLAGS)
valgrind_tools='memcheck helgrind drd sgcheck'
valgrind_v_use   = $(valgrind_v_use_$(V))
valgrind_v_use_  = $(valgrind_v_use_$(AM_DEFAULT_VERBOSITY))
valgrind_v_use_0 = @echo "  USE   " $(patsubst check-valgrind-%-am,%,$@):;

## ----------- ##
## confdefs.h. ##
## ----------- ##

/* confdefs.h */
#define PACKAGE_NAME "tpm2-tss"
#define PACKAGE_TARNAME "tpm2-tss"
#define PACKAGE_VERSION "4.1.2"
#define PACKAGE_STRING "tpm2-tss 4.1.2"
#define PACKAGE_BUGREPORT "https://github.com/tpm2-software/tpm2-tss/issues"
#define PACKAGE_URL "https://github.com/tpm2-software/tpm2-tss"
#define PACKAGE "tpm2-tss"
#define VERSION "4.1.2"
#define NDEBUG 1
#define HAVE_STDIO_H 1
#define HAVE_STDLIB_H 1
#define HAVE_STRING_H 1
#define HAVE_INTTYPES_H 1
#define HAVE_STDINT_H 1
#define HAVE_STRINGS_H 1
#define HAVE_SYS_STAT_H 1
#define HAVE_SYS_TYPES_H 1
#define HAVE_UNISTD_H 1
#define HAVE_WCHAR_H 1
#define STDC_HEADERS 1
#define _ALL_SOURCE 1
#define _DARWIN_C_SOURCE 1
#define _GNU_SOURCE 1
#define _HPUX_ALT_XOPEN_SOCKET_API 1
#define _NETBSD_SOURCE 1
#define _OPENBSD_SOURCE 1
#define _POSIX_PTHREAD_SEMANTICS 1
#define __STDC_WANT_IEC_60559_ATTRIBS_EXT__ 1
#define __STDC_WANT_IEC_60559_BFP_EXT__ 1
#define __STDC_WANT_IEC_60559_DFP_EXT__ 1
#define __STDC_WANT_IEC_60559_FUNCS_EXT__ 1
#define __STDC_WANT_IEC_60559_TYPES_EXT__ 1
#define __STDC_WANT_LIB_EXT2__ 1
#define __STDC_WANT_MATH_SPEC_FUNCS__ 1
#define _TANDEM_SOURCE 1
#define __EXTENSIONS__ 1
#define HAVE_DLFCN_H 1
#define LT_OBJDIR ".libs/"
#define HAVE_LIBDL 1
#define HAVE_DLERROR 1
#define HAVE_LIBDLLOADER 1
#define SYSCONFDIR "/home/nik/workspace/x86_mock_out/etc"
#define HAVE_REALLOCARRAY 1
#define OSSL 1
#define HAVE_EVP_SM3 1
#define HAVE_EVP_SM4_CFB 1
#define HAVE_CURL_URL_STRERROR 1
#define TCTI_SECMODULE 1
#define TCTI_DEVICE 1
#define TCTI_MSSIM 1
#define TCTI_SWTPM 1
#define TCTI_CMD 1
#define TCTI_SPI_HELPER 1
#define TCTI_SPIDEV 1
#define TCTI_I2C_HELPER 1
#define LOG_FILE_ENABLED 1
#define MAXLOGLEVEL 6
#define FAPI_TEST_EK_CERT_LESS 1
#define DEFAULT_TEST_FAPI_PROFILE "P_ECC"

configure: exit 0
